<?xml version="1.0" encoding="UTF-8"?>
<!-- Generated by org.testng.reporters.JUnitReportReporter -->
<testsuite hostname="OTX-6MH8K24" failures="0" tests="2" name="com.saucedemo.tests.EndToEndWorkflowTest" time="20.440" errors="0" timestamp="2024-12-23T20:51:24 IST" skipped="0">
  <testcase classname="com.saucedemo.tests.EndToEndWorkflowTest" name="testSauceDemo" time="10.454"/>
  <testcase classname="com.saucedemo.tests.EndToEndWorkflowTest" name="testSauceDemo" time="9.986"/>
</testsuite> <!-- com.saucedemo.tests.EndToEndWorkflowTest -->
